<?xml version="1.0" encoding="UTF-8"?>
<!-- Generated by org.testng.reporters.JUnitReportReporter -->
<testsuite skipped="0" hostname="DDc2-D-9TJH882" name="casestudy3.casestudy3.OnlineShoppingTest2" tests="4" failures="0" timestamp="23 Jul 2019 03:39:44 GMT" time="68.104" errors="0">
  <testcase name="testregistration" time="42.647" classname="casestudy3.casestudy3.OnlineShoppingTest2"/>
  <testcase name="testlogin" time="0.662" classname="casestudy3.casestudy3.OnlineShoppingTest2"/>
  <testcase name="testCart" time="1.681" classname="casestudy3.casestudy3.OnlineShoppingTest2"/>
  <testcase name="testPayment" time="23.114" classname="casestudy3.casestudy3.OnlineShoppingTest2"/>
</testsuite> <!-- casestudy3.casestudy3.OnlineShoppingTest2 -->
